{"C:\\Users\\Denis_Tivikov\\Desktop\\React Learn\\homework\\src\\src\\components\\controls\\btn\\Btn.tsx": {"path":"C:\\Users\\Denis_Tivikov\\Desktop\\React Learn\\homework\\src\\src\\components\\controls\\btn\\Btn.tsx","statementMap":{"0":{"start":{"line":12,"column":23},"end":{"line":20,"column":1}},"1":{"start":{"line":13,"column":4},"end":{"line":19,"column":13}},"2":{"start":{"line":16,"column":24},"end":{"line":16,"column":37}}},"fnMap":{"0":{"name":"(anonymous_0)","decl":{"start":{"line":12,"column":23},"end":{"line":12,"column":24}},"loc":{"start":{"line":13,"column":4},"end":{"line":19,"column":13}},"line":13},"1":{"name":"(anonymous_1)","decl":{"start":{"line":16,"column":18},"end":{"line":16,"column":19}},"loc":{"start":{"line":16,"column":24},"end":{"line":16,"column":37}},"line":16}},"branchMap":{},"s":{"0":2,"1":1,"2":0},"f":{"0":1,"1":0},"b":{},"_coverageSchema":"1a1c01bbd47fc00a2c39e90264f33305004495a9","hash":"d18b35c49830fe1288b2ad115ce2dd5449c2bf14"}
,"C:\\Users\\Denis_Tivikov\\Desktop\\React Learn\\homework\\src\\src\\components\\errorBoundary\\errorBoundary.tsx": {"path":"C:\\Users\\Denis_Tivikov\\Desktop\\React Learn\\homework\\src\\src\\components\\errorBoundary\\errorBoundary.tsx","statementMap":{"0":{"start":{"line":5,"column":8},"end":{"line":5,"column":21}},"1":{"start":{"line":6,"column":8},"end":{"line":6,"column":41}},"2":{"start":{"line":10,"column":8},"end":{"line":10,"column":34}},"3":{"start":{"line":14,"column":8},"end":{"line":14,"column":40}},"4":{"start":{"line":19,"column":8},"end":{"line":19,"column":70}},"5":{"start":{"line":19,"column":33},"end":{"line":19,"column":70}},"6":{"start":{"line":20,"column":8},"end":{"line":20,"column":35}}},"fnMap":{"0":{"name":"(anonymous_0)","decl":{"start":{"line":4,"column":4},"end":{"line":4,"column":5}},"loc":{"start":{"line":4,"column":23},"end":{"line":7,"column":5}},"line":4},"1":{"name":"(anonymous_1)","decl":{"start":{"line":9,"column":4},"end":{"line":9,"column":5}},"loc":{"start":{"line":9,"column":43},"end":{"line":11,"column":5}},"line":9},"2":{"name":"(anonymous_2)","decl":{"start":{"line":13,"column":4},"end":{"line":13,"column":5}},"loc":{"start":{"line":13,"column":40},"end":{"line":15,"column":5}},"line":13},"3":{"name":"(anonymous_3)","decl":{"start":{"line":17,"column":4},"end":{"line":17,"column":5}},"loc":{"start":{"line":17,"column":13},"end":{"line":21,"column":5}},"line":17}},"branchMap":{"0":{"loc":{"start":{"line":19,"column":8},"end":{"line":19,"column":70}},"type":"if","locations":[{"start":{"line":19,"column":8},"end":{"line":19,"column":70}},{"start":{"line":19,"column":8},"end":{"line":19,"column":70}}],"line":19}},"s":{"0":2,"1":2,"2":0,"3":0,"4":3,"5":1,"6":2},"f":{"0":2,"1":0,"2":0,"3":3},"b":{"0":[1,2]},"_coverageSchema":"1a1c01bbd47fc00a2c39e90264f33305004495a9","hash":"bb8e987419840beddfe577d94f306e5747ecc59e"}
,"C:\\Users\\Denis_Tivikov\\Desktop\\React Learn\\homework\\src\\src\\components\\footer\\Footer.tsx": {"path":"C:\\Users\\Denis_Tivikov\\Desktop\\React Learn\\homework\\src\\src\\components\\footer\\Footer.tsx","statementMap":{"0":{"start":{"line":4,"column":15},"end":{"line":14,"column":5}},"1":{"start":{"line":5,"column":8},"end":{"line":13,"column":14}}},"fnMap":{"0":{"name":"(anonymous_0)","decl":{"start":{"line":4,"column":15},"end":{"line":4,"column":16}},"loc":{"start":{"line":5,"column":8},"end":{"line":13,"column":14}},"line":5}},"branchMap":{},"s":{"0":1,"1":1},"f":{"0":1},"b":{},"_coverageSchema":"1a1c01bbd47fc00a2c39e90264f33305004495a9","hash":"26dfc5df0a97b3547fd043f026867f840c86a327"}
,"C:\\Users\\Denis_Tivikov\\Desktop\\React Learn\\homework\\src\\src\\components\\groupBtns\\GropsBtns.tsx": {"path":"C:\\Users\\Denis_Tivikov\\Desktop\\React Learn\\homework\\src\\src\\components\\groupBtns\\GropsBtns.tsx","statementMap":{"0":{"start":{"line":14,"column":28},"end":{"line":26,"column":5}},"1":{"start":{"line":15,"column":8},"end":{"line":25,"column":14}},"2":{"start":{"line":17,"column":16},"end":{"line":23,"column":18}},"3":{"start":{"line":21,"column":40},"end":{"line":21,"column":65}}},"fnMap":{"0":{"name":"(anonymous_0)","decl":{"start":{"line":14,"column":28},"end":{"line":14,"column":29}},"loc":{"start":{"line":15,"column":8},"end":{"line":25,"column":14}},"line":15},"1":{"name":"(anonymous_1)","decl":{"start":{"line":16,"column":24},"end":{"line":16,"column":25}},"loc":{"start":{"line":17,"column":16},"end":{"line":23,"column":18}},"line":17},"2":{"name":"(anonymous_2)","decl":{"start":{"line":21,"column":34},"end":{"line":21,"column":35}},"loc":{"start":{"line":21,"column":40},"end":{"line":21,"column":65}},"line":21}},"branchMap":{},"s":{"0":1,"1":1,"2":2,"3":0},"f":{"0":1,"1":2,"2":0},"b":{},"_coverageSchema":"1a1c01bbd47fc00a2c39e90264f33305004495a9","hash":"630eeea7b0f8e6d2effe8685bdb92470c075edbe"}
,"C:\\Users\\Denis_Tivikov\\Desktop\\React Learn\\homework\\src\\src\\components\\header\\Header.tsx": {"path":"C:\\Users\\Denis_Tivikov\\Desktop\\React Learn\\homework\\src\\src\\components\\header\\Header.tsx","statementMap":{"0":{"start":{"line":4,"column":15},"end":{"line":8,"column":1}},"1":{"start":{"line":5,"column":4},"end":{"line":7,"column":10}}},"fnMap":{"0":{"name":"(anonymous_0)","decl":{"start":{"line":4,"column":15},"end":{"line":4,"column":16}},"loc":{"start":{"line":5,"column":4},"end":{"line":7,"column":10}},"line":5}},"branchMap":{},"s":{"0":1,"1":1},"f":{"0":1},"b":{},"_coverageSchema":"1a1c01bbd47fc00a2c39e90264f33305004495a9","hash":"c90304a4fcd6796d690904993a43c46adc584e95"}
,"C:\\Users\\Denis_Tivikov\\Desktop\\React Learn\\homework\\src\\src\\components\\listFilms\\ListFilms.tsx": {"path":"C:\\Users\\Denis_Tivikov\\Desktop\\React Learn\\homework\\src\\src\\components\\listFilms\\ListFilms.tsx","statementMap":{"0":{"start":{"line":10,"column":29},"end":{"line":18,"column":5}},"1":{"start":{"line":11,"column":8},"end":{"line":17,"column":14}},"2":{"start":{"line":14,"column":49},"end":{"line":14,"column":95}}},"fnMap":{"0":{"name":"(anonymous_0)","decl":{"start":{"line":10,"column":29},"end":{"line":10,"column":30}},"loc":{"start":{"line":11,"column":8},"end":{"line":17,"column":14}},"line":11},"1":{"name":"(anonymous_1)","decl":{"start":{"line":14,"column":32},"end":{"line":14,"column":33}},"loc":{"start":{"line":14,"column":49},"end":{"line":14,"column":95}},"line":14}},"branchMap":{},"s":{"0":1,"1":1,"2":2},"f":{"0":1,"1":2},"b":{},"_coverageSchema":"1a1c01bbd47fc00a2c39e90264f33305004495a9","hash":"fb79ed7bfee69335970754824f6b8ec1eee4e367"}
,"C:\\Users\\Denis_Tivikov\\Desktop\\React Learn\\homework\\src\\src\\components\\logo\\Logo.tsx": {"path":"C:\\Users\\Denis_Tivikov\\Desktop\\React Learn\\homework\\src\\src\\components\\logo\\Logo.tsx","statementMap":{"0":{"start":{"line":3,"column":13},"end":{"line":9,"column":1}},"1":{"start":{"line":4,"column":4},"end":{"line":8,"column":10}}},"fnMap":{"0":{"name":"(anonymous_0)","decl":{"start":{"line":3,"column":13},"end":{"line":3,"column":14}},"loc":{"start":{"line":4,"column":4},"end":{"line":8,"column":10}},"line":4}},"branchMap":{},"s":{"0":3,"1":3},"f":{"0":3},"b":{},"_coverageSchema":"1a1c01bbd47fc00a2c39e90264f33305004495a9","hash":"0045177024347cc4b26379c72c4c04d2147bc3dc"}
,"C:\\Users\\Denis_Tivikov\\Desktop\\React Learn\\homework\\src\\src\\components\\search\\Search.tsx": {"path":"C:\\Users\\Denis_Tivikov\\Desktop\\React Learn\\homework\\src\\src\\components\\search\\Search.tsx","statementMap":{"0":{"start":{"line":3,"column":15},"end":{"line":17,"column":1}},"1":{"start":{"line":4,"column":24},"end":{"line":7,"column":5}},"2":{"start":{"line":5,"column":8},"end":{"line":5,"column":27}},"3":{"start":{"line":6,"column":8},"end":{"line":6,"column":47}},"4":{"start":{"line":9,"column":4},"end":{"line":16,"column":5}}},"fnMap":{"0":{"name":"(anonymous_0)","decl":{"start":{"line":3,"column":15},"end":{"line":3,"column":16}},"loc":{"start":{"line":3,"column":21},"end":{"line":17,"column":1}},"line":3},"1":{"name":"(anonymous_1)","decl":{"start":{"line":4,"column":24},"end":{"line":4,"column":25}},"loc":{"start":{"line":4,"column":31},"end":{"line":7,"column":5}},"line":4}},"branchMap":{},"s":{"0":1,"1":1,"2":0,"3":0,"4":1},"f":{"0":1,"1":0},"b":{},"_coverageSchema":"1a1c01bbd47fc00a2c39e90264f33305004495a9","hash":"19553a0b0524101c5472824b24e814d4787ae60b"}
,"C:\\Users\\Denis_Tivikov\\Desktop\\React Learn\\homework\\src\\src\\components\\shortCardFilm\\ShortCardFilm.tsx": {"path":"C:\\Users\\Denis_Tivikov\\Desktop\\React Learn\\homework\\src\\src\\components\\shortCardFilm\\ShortCardFilm.tsx","statementMap":{"0":{"start":{"line":9,"column":33},"end":{"line":22,"column":1}},"1":{"start":{"line":10,"column":4},"end":{"line":21,"column":10}}},"fnMap":{"0":{"name":"(anonymous_0)","decl":{"start":{"line":9,"column":33},"end":{"line":9,"column":34}},"loc":{"start":{"line":10,"column":4},"end":{"line":21,"column":10}},"line":10}},"branchMap":{},"s":{"0":2,"1":1},"f":{"0":1},"b":{},"_coverageSchema":"1a1c01bbd47fc00a2c39e90264f33305004495a9","hash":"809ad418f6e24eb1a6475b28bbd2f44d84722642"}
,"C:\\Users\\Denis_Tivikov\\Desktop\\React Learn\\homework\\src\\src\\enum\\enum.tsx": {"path":"C:\\Users\\Denis_Tivikov\\Desktop\\React Learn\\homework\\src\\src\\enum\\enum.tsx","statementMap":{},"fnMap":{},"branchMap":{},"s":{},"f":{},"b":{},"_coverageSchema":"1a1c01bbd47fc00a2c39e90264f33305004495a9","hash":"a180d1c488305e821238258d13c526ecdf331fb3"}
}
