{"C:\\Users\\Denis_Tivikov\\Desktop\\React Learn\\homework\\src\\src\\components\\controls\\btn\\Btn.tsx": {"path":"C:\\Users\\Denis_Tivikov\\Desktop\\React Learn\\homework\\src\\src\\components\\controls\\btn\\Btn.tsx","statementMap":{"0":{"start":{"line":13,"column":23},"end":{"line":24,"column":1}},"1":{"start":{"line":14,"column":4},"end":{"line":23,"column":13}},"2":{"start":{"line":18,"column":12},"end":{"line":18,"column":26}},"3":{"start":{"line":19,"column":12},"end":{"line":19,"column":22}}},"fnMap":{"0":{"name":"(anonymous_0)","decl":{"start":{"line":13,"column":23},"end":{"line":13,"column":24}},"loc":{"start":{"line":14,"column":4},"end":{"line":23,"column":13}},"line":14},"1":{"name":"(anonymous_1)","decl":{"start":{"line":17,"column":18},"end":{"line":17,"column":19}},"loc":{"start":{"line":17,"column":24},"end":{"line":20,"column":9}},"line":17}},"branchMap":{},"s":{"0":2,"1":1,"2":0,"3":0},"f":{"0":1,"1":0},"b":{},"_coverageSchema":"1a1c01bbd47fc00a2c39e90264f33305004495a9","hash":"d6255ec72da0c9d92251b477d2c584bb971d08d9"}
,"C:\\Users\\Denis_Tivikov\\Desktop\\React Learn\\homework\\src\\src\\components\\errorBoundary\\errorBoundary.tsx": {"path":"C:\\Users\\Denis_Tivikov\\Desktop\\React Learn\\homework\\src\\src\\components\\errorBoundary\\errorBoundary.tsx","statementMap":{"0":{"start":{"line":5,"column":8},"end":{"line":5,"column":21}},"1":{"start":{"line":6,"column":8},"end":{"line":6,"column":41}},"2":{"start":{"line":10,"column":8},"end":{"line":10,"column":34}},"3":{"start":{"line":14,"column":8},"end":{"line":14,"column":40}},"4":{"start":{"line":19,"column":8},"end":{"line":19,"column":70}},"5":{"start":{"line":19,"column":33},"end":{"line":19,"column":70}},"6":{"start":{"line":20,"column":8},"end":{"line":20,"column":35}}},"fnMap":{"0":{"name":"(anonymous_0)","decl":{"start":{"line":4,"column":4},"end":{"line":4,"column":5}},"loc":{"start":{"line":4,"column":23},"end":{"line":7,"column":5}},"line":4},"1":{"name":"(anonymous_1)","decl":{"start":{"line":9,"column":4},"end":{"line":9,"column":5}},"loc":{"start":{"line":9,"column":43},"end":{"line":11,"column":5}},"line":9},"2":{"name":"(anonymous_2)","decl":{"start":{"line":13,"column":4},"end":{"line":13,"column":5}},"loc":{"start":{"line":13,"column":40},"end":{"line":15,"column":5}},"line":13},"3":{"name":"(anonymous_3)","decl":{"start":{"line":17,"column":4},"end":{"line":17,"column":5}},"loc":{"start":{"line":17,"column":13},"end":{"line":21,"column":5}},"line":17}},"branchMap":{"0":{"loc":{"start":{"line":19,"column":8},"end":{"line":19,"column":70}},"type":"if","locations":[{"start":{"line":19,"column":8},"end":{"line":19,"column":70}},{"start":{"line":19,"column":8},"end":{"line":19,"column":70}}],"line":19}},"s":{"0":2,"1":2,"2":0,"3":0,"4":3,"5":1,"6":2},"f":{"0":2,"1":0,"2":0,"3":3},"b":{"0":[1,2]},"_coverageSchema":"1a1c01bbd47fc00a2c39e90264f33305004495a9","hash":"bb8e987419840beddfe577d94f306e5747ecc59e"}
,"C:\\Users\\Denis_Tivikov\\Desktop\\React Learn\\homework\\src\\src\\components\\footer\\Footer.tsx": {"path":"C:\\Users\\Denis_Tivikov\\Desktop\\React Learn\\homework\\src\\src\\components\\footer\\Footer.tsx","statementMap":{"0":{"start":{"line":4,"column":15},"end":{"line":14,"column":5}},"1":{"start":{"line":5,"column":8},"end":{"line":13,"column":14}}},"fnMap":{"0":{"name":"(anonymous_0)","decl":{"start":{"line":4,"column":15},"end":{"line":4,"column":16}},"loc":{"start":{"line":5,"column":8},"end":{"line":13,"column":14}},"line":5}},"branchMap":{},"s":{"0":1,"1":1},"f":{"0":1},"b":{},"_coverageSchema":"1a1c01bbd47fc00a2c39e90264f33305004495a9","hash":"26dfc5df0a97b3547fd043f026867f840c86a327"}
,"C:\\Users\\Denis_Tivikov\\Desktop\\React Learn\\homework\\src\\src\\components\\groupBtns\\GropsBtns.tsx": {"path":"C:\\Users\\Denis_Tivikov\\Desktop\\React Learn\\homework\\src\\src\\components\\groupBtns\\GropsBtns.tsx","statementMap":{"0":{"start":{"line":24,"column":28},"end":{"line":44,"column":5}},"1":{"start":{"line":25,"column":8},"end":{"line":43,"column":14}},"2":{"start":{"line":27,"column":16},"end":{"line":41,"column":18}},"3":{"start":{"line":32,"column":24},"end":{"line":32,"column":50}},"4":{"start":{"line":35,"column":24},"end":{"line":35,"column":56}},"5":{"start":{"line":36,"column":24},"end":{"line":36,"column":54}},"6":{"start":{"line":37,"column":24},"end":{"line":37,"column":61}},"7":{"start":{"line":38,"column":24},"end":{"line":38,"column":61}},"8":{"start":{"line":46,"column":24},"end":{"line":50,"column":1}},"9":{"start":{"line":47,"column":4},"end":{"line":49,"column":6}},"10":{"start":{"line":52,"column":27},"end":{"line":54,"column":1}},"11":{"start":{"line":53,"column":4},"end":{"line":53,"column":86}}},"fnMap":{"0":{"name":"(anonymous_0)","decl":{"start":{"line":24,"column":28},"end":{"line":24,"column":29}},"loc":{"start":{"line":25,"column":8},"end":{"line":43,"column":14}},"line":25},"1":{"name":"(anonymous_1)","decl":{"start":{"line":26,"column":24},"end":{"line":26,"column":25}},"loc":{"start":{"line":27,"column":16},"end":{"line":41,"column":18}},"line":27},"2":{"name":"(anonymous_2)","decl":{"start":{"line":31,"column":34},"end":{"line":31,"column":35}},"loc":{"start":{"line":31,"column":40},"end":{"line":33,"column":21}},"line":31},"3":{"name":"(anonymous_3)","decl":{"start":{"line":34,"column":30},"end":{"line":34,"column":31}},"loc":{"start":{"line":34,"column":36},"end":{"line":39,"column":21}},"line":34},"4":{"name":"(anonymous_4)","decl":{"start":{"line":46,"column":24},"end":{"line":46,"column":25}},"loc":{"start":{"line":46,"column":35},"end":{"line":50,"column":1}},"line":46},"5":{"name":"(anonymous_5)","decl":{"start":{"line":52,"column":27},"end":{"line":52,"column":28}},"loc":{"start":{"line":52,"column":41},"end":{"line":54,"column":1}},"line":52}},"branchMap":{"0":{"loc":{"start":{"line":35,"column":24},"end":{"line":35,"column":55}},"type":"binary-expr","locations":[{"start":{"line":35,"column":24},"end":{"line":35,"column":32}},{"start":{"line":35,"column":36},"end":{"line":35,"column":55}}],"line":35},"1":{"loc":{"start":{"line":36,"column":24},"end":{"line":36,"column":53}},"type":"binary-expr","locations":[{"start":{"line":36,"column":24},"end":{"line":36,"column":32}},{"start":{"line":36,"column":36},"end":{"line":36,"column":53}}],"line":36},"2":{"loc":{"start":{"line":37,"column":24},"end":{"line":37,"column":60}},"type":"binary-expr","locations":[{"start":{"line":37,"column":24},"end":{"line":37,"column":32}},{"start":{"line":37,"column":36},"end":{"line":37,"column":60}}],"line":37},"3":{"loc":{"start":{"line":38,"column":24},"end":{"line":38,"column":60}},"type":"binary-expr","locations":[{"start":{"line":38,"column":24},"end":{"line":38,"column":32}},{"start":{"line":38,"column":36},"end":{"line":38,"column":60}}],"line":38}},"s":{"0":1,"1":0,"2":0,"3":0,"4":0,"5":0,"6":0,"7":0,"8":1,"9":0,"10":1,"11":0},"f":{"0":0,"1":0,"2":0,"3":0,"4":0,"5":0},"b":{"0":[0,0],"1":[0,0],"2":[0,0],"3":[0,0]},"_coverageSchema":"1a1c01bbd47fc00a2c39e90264f33305004495a9","hash":"485449d937274e90769c513c13d7dfce9170e286"}
,"C:\\Users\\Denis_Tivikov\\Desktop\\React Learn\\homework\\src\\src\\components\\header\\Header.tsx": {"path":"C:\\Users\\Denis_Tivikov\\Desktop\\React Learn\\homework\\src\\src\\components\\header\\Header.tsx","statementMap":{"0":{"start":{"line":4,"column":15},"end":{"line":8,"column":1}},"1":{"start":{"line":5,"column":4},"end":{"line":7,"column":10}}},"fnMap":{"0":{"name":"(anonymous_0)","decl":{"start":{"line":4,"column":15},"end":{"line":4,"column":16}},"loc":{"start":{"line":5,"column":4},"end":{"line":7,"column":10}},"line":5}},"branchMap":{},"s":{"0":1,"1":1},"f":{"0":1},"b":{},"_coverageSchema":"1a1c01bbd47fc00a2c39e90264f33305004495a9","hash":"c90304a4fcd6796d690904993a43c46adc584e95"}
,"C:\\Users\\Denis_Tivikov\\Desktop\\React Learn\\homework\\src\\src\\components\\listFilms\\ListFilms.tsx": {"path":"C:\\Users\\Denis_Tivikov\\Desktop\\React Learn\\homework\\src\\src\\components\\listFilms\\ListFilms.tsx","statementMap":{"0":{"start":{"line":11,"column":29},"end":{"line":30,"column":1}},"1":{"start":{"line":12,"column":25},"end":{"line":12,"column":39}},"2":{"start":{"line":15,"column":4},"end":{"line":19,"column":5}},"3":{"start":{"line":16,"column":8},"end":{"line":16,"column":33}},"4":{"start":{"line":18,"column":8},"end":{"line":18,"column":95}},"5":{"start":{"line":18,"column":46},"end":{"line":18,"column":93}},"6":{"start":{"line":21,"column":4},"end":{"line":29,"column":5}}},"fnMap":{"0":{"name":"(anonymous_0)","decl":{"start":{"line":11,"column":29},"end":{"line":11,"column":30}},"loc":{"start":{"line":11,"column":44},"end":{"line":30,"column":1}},"line":11},"1":{"name":"(anonymous_1)","decl":{"start":{"line":18,"column":29},"end":{"line":18,"column":30}},"loc":{"start":{"line":18,"column":46},"end":{"line":18,"column":93}},"line":18}},"branchMap":{"0":{"loc":{"start":{"line":15,"column":4},"end":{"line":19,"column":5}},"type":"if","locations":[{"start":{"line":15,"column":4},"end":{"line":19,"column":5}},{"start":{"line":15,"column":4},"end":{"line":19,"column":5}}],"line":15}},"s":{"0":1,"1":1,"2":1,"3":0,"4":1,"5":2,"6":1},"f":{"0":1,"1":2},"b":{"0":[0,1]},"_coverageSchema":"1a1c01bbd47fc00a2c39e90264f33305004495a9","hash":"c0dbefdc44ab751a99b7499731ab0c31e0110936"}
,"C:\\Users\\Denis_Tivikov\\Desktop\\React Learn\\homework\\src\\src\\components\\logo\\Logo.tsx": {"path":"C:\\Users\\Denis_Tivikov\\Desktop\\React Learn\\homework\\src\\src\\components\\logo\\Logo.tsx","statementMap":{"0":{"start":{"line":3,"column":13},"end":{"line":9,"column":1}},"1":{"start":{"line":4,"column":4},"end":{"line":8,"column":10}}},"fnMap":{"0":{"name":"(anonymous_0)","decl":{"start":{"line":3,"column":13},"end":{"line":3,"column":14}},"loc":{"start":{"line":4,"column":4},"end":{"line":8,"column":10}},"line":4}},"branchMap":{},"s":{"0":3,"1":3},"f":{"0":3},"b":{},"_coverageSchema":"1a1c01bbd47fc00a2c39e90264f33305004495a9","hash":"0045177024347cc4b26379c72c4c04d2147bc3dc"}
,"C:\\Users\\Denis_Tivikov\\Desktop\\React Learn\\homework\\src\\src\\components\\search\\Search.tsx": {"path":"C:\\Users\\Denis_Tivikov\\Desktop\\React Learn\\homework\\src\\src\\components\\search\\Search.tsx","statementMap":{"0":{"start":{"line":11,"column":8},"end":{"line":11,"column":21}},"1":{"start":{"line":12,"column":8},"end":{"line":12,"column":35}},"2":{"start":{"line":14,"column":8},"end":{"line":14,"column":57}},"3":{"start":{"line":15,"column":8},"end":{"line":15,"column":57}},"4":{"start":{"line":19,"column":8},"end":{"line":19,"column":53}},"5":{"start":{"line":23,"column":8},"end":{"line":23,"column":31}},"6":{"start":{"line":24,"column":8},"end":{"line":24,"column":70}},"7":{"start":{"line":29,"column":8},"end":{"line":50,"column":9}},"8":{"start":{"line":45,"column":28},"end":{"line":45,"column":53}},"9":{"start":{"line":54,"column":24},"end":{"line":58,"column":1}},"10":{"start":{"line":55,"column":4},"end":{"line":57,"column":6}}},"fnMap":{"0":{"name":"(anonymous_0)","decl":{"start":{"line":10,"column":4},"end":{"line":10,"column":5}},"loc":{"start":{"line":10,"column":23},"end":{"line":16,"column":5}},"line":10},"1":{"name":"(anonymous_1)","decl":{"start":{"line":18,"column":4},"end":{"line":18,"column":5}},"loc":{"start":{"line":18,"column":24},"end":{"line":20,"column":5}},"line":18},"2":{"name":"(anonymous_2)","decl":{"start":{"line":22,"column":4},"end":{"line":22,"column":5}},"loc":{"start":{"line":22,"column":24},"end":{"line":26,"column":5}},"line":22},"3":{"name":"(anonymous_3)","decl":{"start":{"line":28,"column":4},"end":{"line":28,"column":5}},"loc":{"start":{"line":28,"column":13},"end":{"line":51,"column":5}},"line":28},"4":{"name":"(anonymous_4)","decl":{"start":{"line":44,"column":34},"end":{"line":44,"column":35}},"loc":{"start":{"line":44,"column":40},"end":{"line":46,"column":25}},"line":44},"5":{"name":"(anonymous_5)","decl":{"start":{"line":54,"column":24},"end":{"line":54,"column":25}},"loc":{"start":{"line":54,"column":35},"end":{"line":58,"column":1}},"line":54}},"branchMap":{},"s":{"0":0,"1":0,"2":0,"3":0,"4":0,"5":0,"6":0,"7":0,"8":0,"9":1,"10":0},"f":{"0":0,"1":0,"2":0,"3":0,"4":0,"5":0},"b":{},"_coverageSchema":"1a1c01bbd47fc00a2c39e90264f33305004495a9","hash":"b1b96d551d45c8d0a80bc08b9a744724f438b896"}
,"C:\\Users\\Denis_Tivikov\\Desktop\\React Learn\\homework\\src\\src\\components\\shortCardFilm\\ShortCardFilm.tsx": {"path":"C:\\Users\\Denis_Tivikov\\Desktop\\React Learn\\homework\\src\\src\\components\\shortCardFilm\\ShortCardFilm.tsx","statementMap":{"0":{"start":{"line":12,"column":18},"end":{"line":12,"column":55}},"1":{"start":{"line":12,"column":24},"end":{"line":12,"column":55}},"2":{"start":{"line":13,"column":16},"end":{"line":13,"column":43}},"3":{"start":{"line":13,"column":26},"end":{"line":13,"column":43}},"4":{"start":{"line":16,"column":33},"end":{"line":38,"column":1}},"5":{"start":{"line":17,"column":4},"end":{"line":37,"column":5}},"6":{"start":{"line":19,"column":54},"end":{"line":19,"column":67}}},"fnMap":{"0":{"name":"(anonymous_0)","decl":{"start":{"line":12,"column":18},"end":{"line":12,"column":19}},"loc":{"start":{"line":12,"column":24},"end":{"line":12,"column":55}},"line":12},"1":{"name":"(anonymous_1)","decl":{"start":{"line":13,"column":16},"end":{"line":13,"column":17}},"loc":{"start":{"line":13,"column":26},"end":{"line":13,"column":43}},"line":13},"2":{"name":"(anonymous_2)","decl":{"start":{"line":16,"column":33},"end":{"line":16,"column":34}},"loc":{"start":{"line":16,"column":47},"end":{"line":38,"column":1}},"line":16},"3":{"name":"(anonymous_3)","decl":{"start":{"line":19,"column":48},"end":{"line":19,"column":49}},"loc":{"start":{"line":19,"column":54},"end":{"line":19,"column":67}},"line":19}},"branchMap":{},"s":{"0":2,"1":0,"2":2,"3":0,"4":2,"5":2,"6":0},"f":{"0":0,"1":0,"2":2,"3":0},"b":{},"_coverageSchema":"1a1c01bbd47fc00a2c39e90264f33305004495a9","hash":"b193b0492b07f7bb6275c4c30afb39ca2bd962a4"}
,"C:\\Users\\Denis_Tivikov\\Desktop\\React Learn\\homework\\src\\src\\enum\\enum.tsx": {"path":"C:\\Users\\Denis_Tivikov\\Desktop\\React Learn\\homework\\src\\src\\enum\\enum.tsx","statementMap":{},"fnMap":{},"branchMap":{},"s":{},"f":{},"b":{},"_coverageSchema":"1a1c01bbd47fc00a2c39e90264f33305004495a9","hash":"a180d1c488305e821238258d13c526ecdf331fb3"}
,"C:\\Users\\Denis_Tivikov\\Desktop\\React Learn\\homework\\src\\src\\store\\actions\\action.ts": {"path":"C:\\Users\\Denis_Tivikov\\Desktop\\React Learn\\homework\\src\\src\\store\\actions\\action.ts","statementMap":{"0":{"start":{"line":3,"column":19},"end":{"line":3,"column":54}},"1":{"start":{"line":5,"column":26},"end":{"line":22,"column":1}},"2":{"start":{"line":6,"column":4},"end":{"line":21,"column":5}},"3":{"start":{"line":7,"column":8},"end":{"line":20,"column":14}},"4":{"start":{"line":13,"column":30},"end":{"line":13,"column":45}},"5":{"start":{"line":15,"column":16},"end":{"line":15,"column":52}},"6":{"start":{"line":16,"column":16},"end":{"line":19,"column":18}}},"fnMap":{"0":{"name":"(anonymous_0)","decl":{"start":{"line":5,"column":26},"end":{"line":5,"column":27}},"loc":{"start":{"line":6,"column":4},"end":{"line":21,"column":5}},"line":6},"1":{"name":"(anonymous_1)","decl":{"start":{"line":6,"column":4},"end":{"line":6,"column":5}},"loc":{"start":{"line":7,"column":8},"end":{"line":20,"column":14}},"line":7},"2":{"name":"(anonymous_2)","decl":{"start":{"line":13,"column":18},"end":{"line":13,"column":19}},"loc":{"start":{"line":13,"column":30},"end":{"line":13,"column":45}},"line":13},"3":{"name":"(anonymous_3)","decl":{"start":{"line":14,"column":18},"end":{"line":14,"column":19}},"loc":{"start":{"line":14,"column":30},"end":{"line":20,"column":13}},"line":14}},"branchMap":{},"s":{"0":1,"1":1,"2":0,"3":0,"4":0,"5":0,"6":0},"f":{"0":0,"1":0,"2":0,"3":0},"b":{},"_coverageSchema":"1a1c01bbd47fc00a2c39e90264f33305004495a9","hash":"840eade1688480879b379ce9195dcfd96dbf78a1"}
,"C:\\Users\\Denis_Tivikov\\Desktop\\React Learn\\homework\\src\\src\\store\\actions\\actionTypes.ts": {"path":"C:\\Users\\Denis_Tivikov\\Desktop\\React Learn\\homework\\src\\src\\store\\actions\\actionTypes.ts","statementMap":{},"fnMap":{},"branchMap":{},"s":{},"f":{},"b":{},"_coverageSchema":"1a1c01bbd47fc00a2c39e90264f33305004495a9","hash":"38ec79f399dc7c56fe0ca4566a93f29feafd7beb"}
,"C:\\Users\\Denis_Tivikov\\Desktop\\React Learn\\homework\\src\\src\\store\\actions\\searchFilms.ts": {"path":"C:\\Users\\Denis_Tivikov\\Desktop\\React Learn\\homework\\src\\src\\store\\actions\\searchFilms.ts","statementMap":{"0":{"start":{"line":4,"column":27},"end":{"line":25,"column":1}},"1":{"start":{"line":5,"column":4},"end":{"line":5,"column":28}},"2":{"start":{"line":5,"column":21},"end":{"line":5,"column":28}},"3":{"start":{"line":6,"column":4},"end":{"line":6,"column":53}},"4":{"start":{"line":8,"column":4},"end":{"line":24,"column":5}},"5":{"start":{"line":10,"column":12},"end":{"line":22,"column":18}},"6":{"start":{"line":16,"column":34},"end":{"line":16,"column":49}},"7":{"start":{"line":18,"column":20},"end":{"line":21,"column":22}}},"fnMap":{"0":{"name":"(anonymous_0)","decl":{"start":{"line":4,"column":27},"end":{"line":4,"column":28}},"loc":{"start":{"line":4,"column":53},"end":{"line":25,"column":1}},"line":4},"1":{"name":"(anonymous_1)","decl":{"start":{"line":9,"column":8},"end":{"line":9,"column":9}},"loc":{"start":{"line":10,"column":12},"end":{"line":22,"column":18}},"line":10},"2":{"name":"(anonymous_2)","decl":{"start":{"line":16,"column":22},"end":{"line":16,"column":23}},"loc":{"start":{"line":16,"column":34},"end":{"line":16,"column":49}},"line":16},"3":{"name":"(anonymous_3)","decl":{"start":{"line":17,"column":22},"end":{"line":17,"column":23}},"loc":{"start":{"line":17,"column":34},"end":{"line":22,"column":17}},"line":17}},"branchMap":{"0":{"loc":{"start":{"line":5,"column":4},"end":{"line":5,"column":28}},"type":"if","locations":[{"start":{"line":5,"column":4},"end":{"line":5,"column":28}},{"start":{"line":5,"column":4},"end":{"line":5,"column":28}}],"line":5}},"s":{"0":1,"1":0,"2":0,"3":0,"4":0,"5":0,"6":0,"7":0},"f":{"0":0,"1":0,"2":0,"3":0},"b":{"0":[0,0]},"_coverageSchema":"1a1c01bbd47fc00a2c39e90264f33305004495a9","hash":"fe429953d08c9e4bf961c3bc19f0da7b625b36c1"}
,"C:\\Users\\Denis_Tivikov\\Desktop\\React Learn\\homework\\src\\src\\store\\actions\\searchFilmsType.ts": {"path":"C:\\Users\\Denis_Tivikov\\Desktop\\React Learn\\homework\\src\\src\\store\\actions\\searchFilmsType.ts","statementMap":{"0":{"start":{"line":3,"column":31},"end":{"line":8,"column":1}},"1":{"start":{"line":4,"column":4},"end":{"line":7,"column":5}}},"fnMap":{"0":{"name":"(anonymous_0)","decl":{"start":{"line":3,"column":31},"end":{"line":3,"column":32}},"loc":{"start":{"line":3,"column":41},"end":{"line":8,"column":1}},"line":3}},"branchMap":{},"s":{"0":1,"1":0},"f":{"0":0},"b":{},"_coverageSchema":"1a1c01bbd47fc00a2c39e90264f33305004495a9","hash":"ba987f65780b3360896cd762b2bcb0d30d72bde9"}
,"C:\\Users\\Denis_Tivikov\\Desktop\\React Learn\\homework\\src\\src\\store\\actions\\sortByDate.ts": {"path":"C:\\Users\\Denis_Tivikov\\Desktop\\React Learn\\homework\\src\\src\\store\\actions\\sortByDate.ts","statementMap":{"0":{"start":{"line":3,"column":26},"end":{"line":8,"column":1}},"1":{"start":{"line":4,"column":4},"end":{"line":7,"column":5}},"2":{"start":{"line":10,"column":4},"end":{"line":12,"column":5}},"3":{"start":{"line":11,"column":8},"end":{"line":11,"column":17}},"4":{"start":{"line":13,"column":4},"end":{"line":15,"column":5}},"5":{"start":{"line":14,"column":8},"end":{"line":14,"column":18}},"6":{"start":{"line":16,"column":4},"end":{"line":16,"column":13}}},"fnMap":{"0":{"name":"(anonymous_0)","decl":{"start":{"line":3,"column":26},"end":{"line":3,"column":27}},"loc":{"start":{"line":3,"column":37},"end":{"line":8,"column":1}},"line":3},"1":{"name":"compare","decl":{"start":{"line":9,"column":9},"end":{"line":9,"column":16}},"loc":{"start":{"line":9,"column":23},"end":{"line":17,"column":1}},"line":9}},"branchMap":{"0":{"loc":{"start":{"line":10,"column":4},"end":{"line":12,"column":5}},"type":"if","locations":[{"start":{"line":10,"column":4},"end":{"line":12,"column":5}},{"start":{"line":10,"column":4},"end":{"line":12,"column":5}}],"line":10},"1":{"loc":{"start":{"line":13,"column":4},"end":{"line":15,"column":5}},"type":"if","locations":[{"start":{"line":13,"column":4},"end":{"line":15,"column":5}},{"start":{"line":13,"column":4},"end":{"line":15,"column":5}}],"line":13}},"s":{"0":1,"1":0,"2":0,"3":0,"4":0,"5":0,"6":0},"f":{"0":0,"1":0},"b":{"0":[0,0],"1":[0,0]},"_coverageSchema":"1a1c01bbd47fc00a2c39e90264f33305004495a9","hash":"47cf0e9ebbf54dccbbfc93dc4cb6a9d266ab9690"}
,"C:\\Users\\Denis_Tivikov\\Desktop\\React Learn\\homework\\src\\src\\store\\actions\\sortByRating.ts": {"path":"C:\\Users\\Denis_Tivikov\\Desktop\\React Learn\\homework\\src\\src\\store\\actions\\sortByRating.ts","statementMap":{"0":{"start":{"line":3,"column":28},"end":{"line":8,"column":1}},"1":{"start":{"line":4,"column":4},"end":{"line":7,"column":5}},"2":{"start":{"line":10,"column":4},"end":{"line":10,"column":43}}},"fnMap":{"0":{"name":"(anonymous_0)","decl":{"start":{"line":3,"column":28},"end":{"line":3,"column":29}},"loc":{"start":{"line":3,"column":39},"end":{"line":8,"column":1}},"line":3},"1":{"name":"compare","decl":{"start":{"line":9,"column":9},"end":{"line":9,"column":16}},"loc":{"start":{"line":9,"column":23},"end":{"line":11,"column":1}},"line":9}},"branchMap":{},"s":{"0":1,"1":0,"2":0},"f":{"0":0,"1":0},"b":{},"_coverageSchema":"1a1c01bbd47fc00a2c39e90264f33305004495a9","hash":"98f64a1193d7574a1ea1d29d8ffc20e378e26592"}
}
